info it worked if it ends with ok
verbose cli [ '/usr/bin/nodejs', '/usr/bin/npm', 'start' ]
info using npm@1.1.4
info using node@v0.6.19
verbose config file /home/pi/.npmrc
verbose config file /usr/etc/npmrc
verbose config file /usr/share/npm/npmrc
verbose caching /var/www/N8Home/package.json
verbose loadDefaults N8Home@0.0.0
verbose run-script [ 'prestart', 'start', 'poststart' ]
info prestart N8Home@0.0.0
info start N8Home@0.0.0
verbose unsafe-perm in lifecycle true
silly exec sh "-c" "nodemon ./bin/www"
silly spawning [ 'sh', [ '-c', 'nodemon ./bin/www' ], '/var/www/N8Home' ]
info N8Home@0.0.0 Failed to exec start script
ERR! N8Home@0.0.0 start: `nodemon ./bin/www`
ERR! `sh "-c" "nodemon ./bin/www"` failed with 1
ERR! 
ERR! Failed at the N8Home@0.0.0 start script.
ERR! This is most likely a problem with the N8Home package,
ERR! not with npm itself.
ERR! Tell the author that this fails on your system:
ERR!     nodemon ./bin/www
ERR! You can get their info via:
ERR!     npm owner ls N8Home
ERR! There is likely additional logging output above.
ERR! 
ERR! System Linux 3.18.11-v7+
ERR! command "/usr/bin/nodejs" "/usr/bin/npm" "start"
ERR! cwd /var/www/N8Home
ERR! node -v v0.6.19
ERR! npm -v 1.1.4
ERR! code ELIFECYCLE
ERR! message N8Home@0.0.0 start: `nodemon ./bin/www`
ERR! message `sh "-c" "nodemon ./bin/www"` failed with 1
ERR! errno {}
verbose exit [ 1, true ]
